生成启动时间为 2014/12/25 15:44:26。
     1>项目“D:\project\python_c++\python_c++\python_c++.vcxproj”在节点 2 上(build 个目标)。
     1>InitializeBuildStatus:
         正在创建“Release\python_c++.unsuccessfulbuild”，因为已指定“AlwaysCreate”。
       ClCompile:
         C:\Program Files (x86)\Microsoft Visual Studio 10.0\VC\bin\CL.exe /c /IC:\Python27\include /Zi /nologo /W3 /WX- /O2 /Oi /Oy- /GL /D WIN32 /D NDEBUG /D _CONSOLE /D _UNICODE /D UNICODE /Gm- /EHsc /MD /GS /Gy /fp:precise /Zc:wchar_t /Zc:forScope /Fo"Release\\" /Fd"Release\vc100.pdb" /Gd /TP /analyze- /errorReport:prompt Main.cpp
         Main.cpp
       Link:
         C:\Program Files (x86)\Microsoft Visual Studio 10.0\VC\bin\link.exe /ERRORREPORT:PROMPT /OUT:"D:\project\python_c++\Release\python_c++.exe" /INCREMENTAL:NO /NOLOGO /LIBPATH:C:\Python27\libs python27.lib kernel32.lib user32.lib gdi32.lib winspool.lib comdlg32.lib advapi32.lib shell32.lib ole32.lib oleaut32.lib uuid.lib odbc32.lib odbccp32.lib /MANIFEST /ManifestFile:"Release\python_c++.exe.intermediate.manifest" /MANIFESTUAC:"level='asInvoker' uiAccess='false'" /DEBUG /PDB:"D:\project\python_c++\Release\python_c++.pdb" /SUBSYSTEM:CONSOLE /OPT:REF /OPT:ICF /LTCG /TLBID:1 /DYNAMICBASE /NXCOMPAT /IMPLIB:"D:\project\python_c++\Release\python_c++.lib" /MACHINE:X86 Release\Main.obj
         正在生成代码
         已完成代码的生成
         python_c++.vcxproj -> D:\project\python_c++\Release\python_c++.exe
       Manifest:
         C:\Program Files (x86)\Microsoft SDKs\Windows\v7.0A\bin\mt.exe /nologo /verbose /outputresource:"D:\project\python_c++\Release\python_c++.exe;#1" /manifest Release\python_c++.exe.intermediate.manifest
       FinalizeBuildStatus:
         正在删除文件“Release\python_c++.unsuccessfulbuild”。
         正在对“Release\python_c++.lastbuildstate”执行 Touch 任务。
     1>已完成生成项目“D:\project\python_c++\python_c++\python_c++.vcxproj”(build 个目标)的操作。

生成成功。

已用时间 00:00:00.60
